android/app/build/intermediates/manifest_merge_blame_file/debug/processDebugMainManifest/manifest-merger-blame-debug-report.txt
1<?xml version="1.0" encoding="utf-8"?>
2<manifest xmlns:android="http://schemas.android.com/apk/res/android"
3    package="com.example.clario"
4    android:versionCode="1"
5    android:versionName="1.0.0" >
6
7    <uses-sdk
8        android:minSdkVersion="26"
9        android:targetSdkVersion="36" />
10    <!--
11         The INTERNET permission is required for development. Specifically,
12         the Flutter tool needs it to communicate with the running application
13         to allow setting breakpoints, to provide hot reload, etc.
14    -->
15    <uses-permission android:name="android.permission.INTERNET" />
15-->src\main\AndroidManifest.xml:7:5-67
15-->src\main\AndroidManifest.xml:7:22-64
16    <!-- Permissions -->
17    <uses-permission android:name="android.permission.RECORD_AUDIO" />
17-->src\main\AndroidManifest.xml:6:5-71
17-->src\main\AndroidManifest.xml:6:22-68
18    <uses-permission android:name="android.permission.ACTIVITY_RECOGNITION" />
18-->src\main\AndroidManifest.xml:8:5-79
18-->src\main\AndroidManifest.xml:8:22-76
19    <uses-permission android:name="android.permission.POST_NOTIFICATIONS" />
19-->src\main\AndroidManifest.xml:9:5-77
19-->src\main\AndroidManifest.xml:9:22-74
20    <uses-permission android:name="android.permission.PACKAGE_USAGE_STATS" />
20-->src\main\AndroidManifest.xml:10:5-12:47
20-->src\main\AndroidManifest.xml:11:9-62
21    <uses-permission android:name="android.permission.FOREGROUND_SERVICE" /> <!-- Queries (for text processing intent visibility) -->
21-->src\main\AndroidManifest.xml:13:5-77
21-->src\main\AndroidManifest.xml:13:22-74
22    <queries>
22-->src\main\AndroidManifest.xml:48:5-53:15
23        <intent>
23-->src\main\AndroidManifest.xml:49:9-52:18
24            <action android:name="android.intent.action.PROCESS_TEXT" />
24-->src\main\AndroidManifest.xml:50:13-73
24-->src\main\AndroidManifest.xml:50:21-70
25
26            <data android:mimeType="text/plain" />
26-->src\main\AndroidManifest.xml:51:13-51
26-->src\main\AndroidManifest.xml:51:19-48
27        </intent>
28    </queries>
29
30    <uses-permission android:name="android.permission.VIBRATE" />
30-->[:flutter_local_notifications] AndroidManifest.xml:7:5-66
30-->[:flutter_local_notifications] AndroidManifest.xml:7:22-63
31    <uses-permission android:name="android.permission.ACCESS_NETWORK_STATE" />
31-->[com.google.firebase:firebase-auth:24.0.1] AndroidManifest.xml:26:5-79
31-->[com.google.firebase:firebase-auth:24.0.1] AndroidManifest.xml:26:22-76
32    <uses-permission android:name="android.permission.WAKE_LOCK" />
32-->[com.google.android.gms:play-services-measurement-api:23.0.0] AndroidManifest.xml:24:5-68
32-->[com.google.android.gms:play-services-measurement-api:23.0.0] AndroidManifest.xml:24:22-65
33    <uses-permission android:name="com.google.android.gms.permission.AD_ID" />
33-->[com.google.android.gms:play-services-measurement-api:23.0.0] AndroidManifest.xml:25:5-79
33-->[com.google.android.gms:play-services-measurement-api:23.0.0] AndroidManifest.xml:25:22-76
34    <uses-permission android:name="android.permission.ACCESS_ADSERVICES_ATTRIBUTION" />
34-->[com.google.android.gms:play-services-measurement-api:23.0.0] AndroidManifest.xml:26:5-88
34-->[com.google.android.gms:play-services-measurement-api:23.0.0] AndroidManifest.xml:26:22-85
35    <uses-permission android:name="android.permission.ACCESS_ADSERVICES_AD_ID" />
35-->[com.google.android.gms:play-services-measurement-api:23.0.0] AndroidManifest.xml:27:5-82
35-->[com.google.android.gms:play-services-measurement-api:23.0.0] AndroidManifest.xml:27:22-79
36    <uses-permission android:name="com.google.android.finsky.permission.BIND_GET_INSTALL_REFERRER_SERVICE" />
36-->[com.google.android.gms:play-services-measurement:23.0.0] AndroidManifest.xml:26:5-110
36-->[com.google.android.gms:play-services-measurement:23.0.0] AndroidManifest.xml:26:22-107
37    <uses-permission android:name="com.google.android.providers.gsf.permission.READ_GSERVICES" />
37-->[com.google.android.recaptcha:recaptcha:18.6.1] AndroidManifest.xml:9:5-98
37-->[com.google.android.recaptcha:recaptcha:18.6.1] AndroidManifest.xml:9:22-95
38    <uses-permission android:name="android.permission.RECEIVE_BOOT_COMPLETED" />
38-->[androidx.work:work-runtime:2.10.2] AndroidManifest.xml:25:5-81
38-->[androidx.work:work-runtime:2.10.2] AndroidManifest.xml:25:22-78
39
40    <permission
40-->[androidx.core:core:1.13.1] AndroidManifest.xml:22:5-24:47
41        android:name="com.example.clario.DYNAMIC_RECEIVER_NOT_EXPORTED_PERMISSION"
41-->[androidx.core:core:1.13.1] AndroidManifest.xml:23:9-81
42        android:protectionLevel="signature" />
42-->[androidx.core:core:1.13.1] AndroidManifest.xml:24:9-44
43
44    <uses-permission android:name="com.example.clario.DYNAMIC_RECEIVER_NOT_EXPORTED_PERMISSION" />
44-->[androidx.core:core:1.13.1] AndroidManifest.xml:26:5-97
44-->[androidx.core:core:1.13.1] AndroidManifest.xml:26:22-94
45
46    <application
47        android:name="android.app.Application"
48        android:appComponentFactory="androidx.core.app.CoreComponentFactory"
48-->[androidx.core:core:1.13.1] AndroidManifest.xml:28:18-86
49        android:debuggable="true"
50        android:extractNativeLibs="false"
51        android:icon="@mipmap/ic_launcher"
52        android:label="new_clario" >
53        <activity
54            android:name="com.example.clario.MainActivity"
55            android:configChanges="orientation|keyboardHidden|keyboard|screenSize|smallestScreenSize|locale|layoutDirection|fontScale|screenLayout|density|uiMode"
56            android:exported="true"
57            android:hardwareAccelerated="true"
58            android:launchMode="singleTop"
59            android:taskAffinity=""
60            android:theme="@style/LaunchTheme"
61            android:windowSoftInputMode="adjustResize" >
62            <meta-data
63                android:name="io.flutter.embedding.android.NormalTheme"
64                android:resource="@style/NormalTheme" />
65
66            <intent-filter>
67                <action android:name="android.intent.action.MAIN" />
68
69                <category android:name="android.intent.category.LAUNCHER" />
70            </intent-filter>
71        </activity>
72
73        <meta-data
74            android:name="flutterEmbedding"
75            android:value="2" />
76
77        <service android:name="com.dexterous.flutterlocalnotifications.FlutterLocalNotificationsPlugin" />
78        <service
78-->[:cloud_firestore] AndroidManifest.xml:8:9-12:19
79            android:name="com.google.firebase.components.ComponentDiscoveryService"
79-->[:cloud_firestore] AndroidManifest.xml:8:18-89
80            android:directBootAware="true"
80-->[com.google.firebase:firebase-common:22.0.1] AndroidManifest.xml:32:13-43
81            android:exported="false" >
81-->[com.google.firebase:firebase-auth:24.0.1] AndroidManifest.xml:68:13-37
82            <meta-data
82-->[:cloud_firestore] AndroidManifest.xml:9:13-11:85
83                android:name="com.google.firebase.components:io.flutter.plugins.firebase.firestore.FlutterFirebaseFirestoreRegistrar"
83-->[:cloud_firestore] AndroidManifest.xml:10:17-134
84                android:value="com.google.firebase.components.ComponentRegistrar" />
84-->[:cloud_firestore] AndroidManifest.xml:11:17-82
85            <meta-data
85-->[:firebase_auth] AndroidManifest.xml:9:13-11:85
86                android:name="com.google.firebase.components:io.flutter.plugins.firebase.auth.FlutterFirebaseAuthRegistrar"
86-->[:firebase_auth] AndroidManifest.xml:10:17-124
87                android:value="com.google.firebase.components.ComponentRegistrar" />
87-->[:firebase_auth] AndroidManifest.xml:11:17-82
88            <meta-data
88-->[:firebase_database] AndroidManifest.xml:9:13-11:85
89                android:name="com.google.firebase.components:io.flutter.plugins.firebase.database.FlutterFirebaseAppRegistrar"
89-->[:firebase_database] AndroidManifest.xml:10:17-127
90                android:value="com.google.firebase.components.ComponentRegistrar" />
90-->[:firebase_database] AndroidManifest.xml:11:17-82
91            <meta-data
91-->[:firebase_storage] AndroidManifest.xml:9:13-11:85
92                android:name="com.google.firebase.components:io.flutter.plugins.firebase.storage.FlutterFirebaseAppRegistrar"
92-->[:firebase_storage] AndroidManifest.xml:10:17-126
93                android:value="com.google.firebase.components.ComponentRegistrar" />
93-->[:firebase_storage] AndroidManifest.xml:11:17-82
94            <meta-data
94-->[:firebase_core] AndroidManifest.xml:9:13-11:85
95                android:name="com.google.firebase.components:io.flutter.plugins.firebase.core.FlutterFirebaseCoreRegistrar"
95-->[:firebase_core] AndroidManifest.xml:10:17-124
96                android:value="com.google.firebase.components.ComponentRegistrar" />
96-->[:firebase_core] AndroidManifest.xml:11:17-82
97            <meta-data
97-->[com.google.firebase:firebase-auth:24.0.1] AndroidManifest.xml:69:13-71:85
98                android:name="com.google.firebase.components:com.google.firebase.auth.FirebaseAuthRegistrar"
98-->[com.google.firebase:firebase-auth:24.0.1] AndroidManifest.xml:70:17-109
99                android:value="com.google.firebase.components.ComponentRegistrar" />
99-->[com.google.firebase:firebase-auth:24.0.1] AndroidManifest.xml:71:17-82
100            <meta-data
100-->[com.google.firebase:firebase-database:22.0.1] AndroidManifest.xml:29:13-31:85
101                android:name="com.google.firebase.components:com.google.firebase.database.FirebaseDatabaseKtxRegistrar"
101-->[com.google.firebase:firebase-database:22.0.1] AndroidManifest.xml:30:17-120
102                android:value="com.google.firebase.components.ComponentRegistrar" />
102-->[com.google.firebase:firebase-database:22.0.1] AndroidManifest.xml:31:17-82
103            <meta-data
103-->[com.google.firebase:firebase-database:22.0.1] AndroidManifest.xml:32:13-34:85
104                android:name="com.google.firebase.components:com.google.firebase.database.DatabaseRegistrar"
104-->[com.google.firebase:firebase-database:22.0.1] AndroidManifest.xml:33:17-109
105                android:value="com.google.firebase.components.ComponentRegistrar" />
105-->[com.google.firebase:firebase-database:22.0.1] AndroidManifest.xml:34:17-82
106            <meta-data
106-->[com.google.firebase:firebase-firestore:26.0.2] AndroidManifest.xml:17:13-19:85
107                android:name="com.google.firebase.components:com.google.firebase.firestore.FirebaseFirestoreKtxRegistrar"
107-->[com.google.firebase:firebase-firestore:26.0.2] AndroidManifest.xml:18:17-122
108                android:value="com.google.firebase.components.ComponentRegistrar" />
108-->[com.google.firebase:firebase-firestore:26.0.2] AndroidManifest.xml:19:17-82
109            <meta-data
109-->[com.google.firebase:firebase-firestore:26.0.2] AndroidManifest.xml:20:13-22:85
110                android:name="com.google.firebase.components:com.google.firebase.firestore.FirestoreRegistrar"
110-->[com.google.firebase:firebase-firestore:26.0.2] AndroidManifest.xml:21:17-111
111                android:value="com.google.firebase.components.ComponentRegistrar" />
111-->[com.google.firebase:firebase-firestore:26.0.2] AndroidManifest.xml:22:17-82
112            <meta-data
112-->[com.google.firebase:firebase-storage:22.0.1] AndroidManifest.xml:30:13-32:85
113                android:name="com.google.firebase.components:com.google.firebase.storage.FirebaseStorageKtxRegistrar"
113-->[com.google.firebase:firebase-storage:22.0.1] AndroidManifest.xml:31:17-118
114                android:value="com.google.firebase.components.ComponentRegistrar" />
114-->[com.google.firebase:firebase-storage:22.0.1] AndroidManifest.xml:32:17-82
115            <meta-data
115-->[com.google.firebase:firebase-storage:22.0.1] AndroidManifest.xml:33:13-35:85
116                android:name="com.google.firebase.components:com.google.firebase.storage.StorageRegistrar"
116-->[com.google.firebase:firebase-storage:22.0.1] AndroidManifest.xml:34:17-107
117                android:value="com.google.firebase.components.ComponentRegistrar" />
117-->[com.google.firebase:firebase-storage:22.0.1] AndroidManifest.xml:35:17-82
118            <meta-data
118-->[com.google.android.gms:play-services-measurement-api:23.0.0] AndroidManifest.xml:33:13-35:85
119                android:name="com.google.firebase.components:com.google.firebase.analytics.connector.internal.AnalyticsConnectorRegistrar"
119-->[com.google.android.gms:play-services-measurement-api:23.0.0] AndroidManifest.xml:34:17-139
120                android:value="com.google.firebase.components.ComponentRegistrar" />
120-->[com.google.android.gms:play-services-measurement-api:23.0.0] AndroidManifest.xml:35:17-82
121            <meta-data
121-->[com.google.firebase:firebase-installations:19.0.1] AndroidManifest.xml:15:13-17:85
122                android:name="com.google.firebase.components:com.google.firebase.installations.FirebaseInstallationsKtxRegistrar"
122-->[com.google.firebase:firebase-installations:19.0.1] AndroidManifest.xml:16:17-130
123                android:value="com.google.firebase.components.ComponentRegistrar" />
123-->[com.google.firebase:firebase-installations:19.0.1] AndroidManifest.xml:17:17-82
124            <meta-data
124-->[com.google.firebase:firebase-installations:19.0.1] AndroidManifest.xml:18:13-20:85
125                android:name="com.google.firebase.components:com.google.firebase.installations.FirebaseInstallationsRegistrar"
125-->[com.google.firebase:firebase-installations:19.0.1] AndroidManifest.xml:19:17-127
126                android:value="com.google.firebase.components.ComponentRegistrar" />
126-->[com.google.firebase:firebase-installations:19.0.1] AndroidManifest.xml:20:17-82
127            <meta-data
127-->[com.google.firebase:firebase-common:22.0.1] AndroidManifest.xml:35:13-37:85
128                android:name="com.google.firebase.components:com.google.firebase.FirebaseCommonKtxRegistrar"
128-->[com.google.firebase:firebase-common:22.0.1] AndroidManifest.xml:36:17-109
129                android:value="com.google.firebase.components.ComponentRegistrar" />
129-->[com.google.firebase:firebase-common:22.0.1] AndroidManifest.xml:37:17-82
130            <meta-data
130-->[com.google.firebase:firebase-appcheck:19.0.1] AndroidManifest.xml:25:13-27:85
131                android:name="com.google.firebase.components:com.google.firebase.appcheck.FirebaseAppCheckKtxRegistrar"
131-->[com.google.firebase:firebase-appcheck:19.0.1] AndroidManifest.xml:26:17-120
132                android:value="com.google.firebase.components.ComponentRegistrar" />
132-->[com.google.firebase:firebase-appcheck:19.0.1] AndroidManifest.xml:27:17-82
133            <meta-data
133-->[com.google.firebase:firebase-appcheck:19.0.1] AndroidManifest.xml:28:13-30:85
134                android:name="com.google.firebase.components:com.google.firebase.appcheck.FirebaseAppCheckRegistrar"
134-->[com.google.firebase:firebase-appcheck:19.0.1] AndroidManifest.xml:29:17-117
135                android:value="com.google.firebase.components.ComponentRegistrar" />
135-->[com.google.firebase:firebase-appcheck:19.0.1] AndroidManifest.xml:30:17-82
136        </service>
137
138        <provider
138-->[:image_picker_android] AndroidManifest.xml:9:9-17:20
139            android:name="io.flutter.plugins.imagepicker.ImagePickerFileProvider"
139-->[:image_picker_android] AndroidManifest.xml:10:13-82
140            android:authorities="com.example.clario.flutter.image_provider"
140-->[:image_picker_android] AndroidManifest.xml:11:13-74
141            android:exported="false"
141-->[:image_picker_android] AndroidManifest.xml:12:13-37
142            android:grantUriPermissions="true" >
142-->[:image_picker_android] AndroidManifest.xml:13:13-47
143            <meta-data
143-->[:image_picker_android] AndroidManifest.xml:14:13-16:75
144                android:name="android.support.FILE_PROVIDER_PATHS"
144-->[:image_picker_android] AndroidManifest.xml:15:17-67
145                android:resource="@xml/flutter_image_picker_file_paths" />
145-->[:image_picker_android] AndroidManifest.xml:16:17-72
146        </provider> <!-- Trigger Google Play services to install the backported photo picker module. -->
147        <service
147-->[:image_picker_android] AndroidManifest.xml:19:9-31:19
148            android:name="com.google.android.gms.metadata.ModuleDependencies"
148-->[:image_picker_android] AndroidManifest.xml:20:13-78
149            android:enabled="false"
149-->[:image_picker_android] AndroidManifest.xml:21:13-36
150            android:exported="false" >
150-->[:image_picker_android] AndroidManifest.xml:22:13-37
151            <intent-filter>
151-->[:image_picker_android] AndroidManifest.xml:24:13-26:29
152                <action android:name="com.google.android.gms.metadata.MODULE_DEPENDENCIES" />
152-->[:image_picker_android] AndroidManifest.xml:25:17-94
152-->[:image_picker_android] AndroidManifest.xml:25:25-91
153            </intent-filter>
154
155            <meta-data
155-->[:image_picker_android] AndroidManifest.xml:28:13-30:36
156                android:name="photopicker_activity:0:required"
156-->[:image_picker_android] AndroidManifest.xml:29:17-63
157                android:value="" />
157-->[:image_picker_android] AndroidManifest.xml:30:17-33
158        </service>
159        <service
159-->[androidx.health.connect:connect-client:1.1.0-alpha11] AndroidManifest.xml:24:9-32:19
160            android:name="androidx.health.platform.client.impl.sdkservice.HealthDataSdkService"
160-->[androidx.health.connect:connect-client:1.1.0-alpha11] AndroidManifest.xml:25:13-96
161            android:enabled="true"
161-->[androidx.health.connect:connect-client:1.1.0-alpha11] AndroidManifest.xml:26:13-35
162            android:exported="true" >
162-->[androidx.health.connect:connect-client:1.1.0-alpha11] AndroidManifest.xml:27:13-36
163            <intent-filter>
163-->[androidx.health.connect:connect-client:1.1.0-alpha11] AndroidManifest.xml:29:13-31:29
164                <action android:name="androidx.health.platform.client.ACTION_BIND_SDK_SERVICE" />
164-->[androidx.health.connect:connect-client:1.1.0-alpha11] AndroidManifest.xml:30:17-98
164-->[androidx.health.connect:connect-client:1.1.0-alpha11] AndroidManifest.xml:30:25-95
165            </intent-filter>
166        </service>
167
168        <activity
168-->[com.google.firebase:firebase-auth:24.0.1] AndroidManifest.xml:29:9-46:20
169            android:name="com.google.firebase.auth.internal.GenericIdpActivity"
169-->[com.google.firebase:firebase-auth:24.0.1] AndroidManifest.xml:30:13-80
170            android:excludeFromRecents="true"
170-->[com.google.firebase:firebase-auth:24.0.1] AndroidManifest.xml:31:13-46
171            android:exported="true"
171-->[com.google.firebase:firebase-auth:24.0.1] AndroidManifest.xml:32:13-36
172            android:launchMode="singleTask"
172-->[com.google.firebase:firebase-auth:24.0.1] AndroidManifest.xml:33:13-44
173            android:theme="@android:style/Theme.Translucent.NoTitleBar" >
173-->[com.google.firebase:firebase-auth:24.0.1] AndroidManifest.xml:34:13-72
174            <intent-filter>
174-->[com.google.firebase:firebase-auth:24.0.1] AndroidManifest.xml:35:13-45:29
175                <action android:name="android.intent.action.VIEW" />
175-->[com.google.firebase:firebase-auth:24.0.1] AndroidManifest.xml:36:17-69
175-->[com.google.firebase:firebase-auth:24.0.1] AndroidManifest.xml:36:25-66
176
177                <category android:name="android.intent.category.DEFAULT" />
177-->[com.google.firebase:firebase-auth:24.0.1] AndroidManifest.xml:38:17-76
177-->[com.google.firebase:firebase-auth:24.0.1] AndroidManifest.xml:38:27-73
178                <category android:name="android.intent.category.BROWSABLE" />
178-->[com.google.firebase:firebase-auth:24.0.1] AndroidManifest.xml:39:17-78
178-->[com.google.firebase:firebase-auth:24.0.1] AndroidManifest.xml:39:27-75
179
180                <data
180-->src\main\AndroidManifest.xml:51:13-51
181                    android:host="firebase.auth"
182                    android:path="/"
183                    android:scheme="genericidp" />
184            </intent-filter>
185        </activity>
186        <activity
186-->[com.google.firebase:firebase-auth:24.0.1] AndroidManifest.xml:47:9-64:20
187            android:name="com.google.firebase.auth.internal.RecaptchaActivity"
187-->[com.google.firebase:firebase-auth:24.0.1] AndroidManifest.xml:48:13-79
188            android:excludeFromRecents="true"
188-->[com.google.firebase:firebase-auth:24.0.1] AndroidManifest.xml:49:13-46
189            android:exported="true"
189-->[com.google.firebase:firebase-auth:24.0.1] AndroidManifest.xml:50:13-36
190            android:launchMode="singleTask"
190-->[com.google.firebase:firebase-auth:24.0.1] AndroidManifest.xml:51:13-44
191            android:theme="@android:style/Theme.Translucent.NoTitleBar" >
191-->[com.google.firebase:firebase-auth:24.0.1] AndroidManifest.xml:52:13-72
192            <intent-filter>
192-->[com.google.firebase:firebase-auth:24.0.1] AndroidManifest.xml:53:13-63:29
193                <action android:name="android.intent.action.VIEW" />
193-->[com.google.firebase:firebase-auth:24.0.1] AndroidManifest.xml:36:17-69
193-->[com.google.firebase:firebase-auth:24.0.1] AndroidManifest.xml:36:25-66
194
195                <category android:name="android.intent.category.DEFAULT" />
195-->[com.google.firebase:firebase-auth:24.0.1] AndroidManifest.xml:38:17-76
195-->[com.google.firebase:firebase-auth:24.0.1] AndroidManifest.xml:38:27-73
196                <category android:name="android.intent.category.BROWSABLE" />
196-->[com.google.firebase:firebase-auth:24.0.1] AndroidManifest.xml:39:17-78
196-->[com.google.firebase:firebase-auth:24.0.1] AndroidManifest.xml:39:27-75
197
198                <data
198-->src\main\AndroidManifest.xml:51:13-51
199                    android:host="firebase.auth"
200                    android:path="/"
201                    android:scheme="recaptcha" />
202            </intent-filter>
203        </activity>
204
205        <service
205-->[androidx.credentials:credentials-play-services-auth:1.2.0-rc01] AndroidManifest.xml:24:9-32:19
206            android:name="androidx.credentials.playservices.CredentialProviderMetadataHolder"
206-->[androidx.credentials:credentials-play-services-auth:1.2.0-rc01] AndroidManifest.xml:25:13-94
207            android:enabled="true"
207-->[androidx.credentials:credentials-play-services-auth:1.2.0-rc01] AndroidManifest.xml:26:13-35
208            android:exported="false" >
208-->[androidx.credentials:credentials-play-services-auth:1.2.0-rc01] AndroidManifest.xml:27:13-37
209            <meta-data
209-->[androidx.credentials:credentials-play-services-auth:1.2.0-rc01] AndroidManifest.xml:29:13-31:104
210                android:name="androidx.credentials.CREDENTIAL_PROVIDER_KEY"
210-->[androidx.credentials:credentials-play-services-auth:1.2.0-rc01] AndroidManifest.xml:30:17-76
211                android:value="androidx.credentials.playservices.CredentialProviderPlayServicesImpl" />
211-->[androidx.credentials:credentials-play-services-auth:1.2.0-rc01] AndroidManifest.xml:31:17-101
212        </service>
213
214        <activity
214-->[androidx.credentials:credentials-play-services-auth:1.2.0-rc01] AndroidManifest.xml:34:9-41:20
215            android:name="androidx.credentials.playservices.HiddenActivity"
215-->[androidx.credentials:credentials-play-services-auth:1.2.0-rc01] AndroidManifest.xml:35:13-76
216            android:configChanges="orientation|screenSize|screenLayout|keyboardHidden"
216-->[androidx.credentials:credentials-play-services-auth:1.2.0-rc01] AndroidManifest.xml:36:13-87
217            android:enabled="true"
217-->[androidx.credentials:credentials-play-services-auth:1.2.0-rc01] AndroidManifest.xml:37:13-35
218            android:exported="false"
218-->[androidx.credentials:credentials-play-services-auth:1.2.0-rc01] AndroidManifest.xml:38:13-37
219            android:fitsSystemWindows="true"
219-->[androidx.credentials:credentials-play-services-auth:1.2.0-rc01] AndroidManifest.xml:39:13-45
220            android:theme="@style/Theme.Hidden" >
220-->[androidx.credentials:credentials-play-services-auth:1.2.0-rc01] AndroidManifest.xml:40:13-48
221        </activity>
222        <activity
222-->[com.google.android.gms:play-services-auth:21.0.0] AndroidManifest.xml:23:9-27:75
223            android:name="com.google.android.gms.auth.api.signin.internal.SignInHubActivity"
223-->[com.google.android.gms:play-services-auth:21.0.0] AndroidManifest.xml:24:13-93
224            android:excludeFromRecents="true"
224-->[com.google.android.gms:play-services-auth:21.0.0] AndroidManifest.xml:25:13-46
225            android:exported="false"
225-->[com.google.android.gms:play-services-auth:21.0.0] AndroidManifest.xml:26:13-37
226            android:theme="@android:style/Theme.Translucent.NoTitleBar" />
226-->[com.google.android.gms:play-services-auth:21.0.0] AndroidManifest.xml:27:13-72
227        <!--
228            Service handling Google Sign-In user revocation. For apps that do not integrate with
229            Google Sign-In, this service will never be started.
230        -->
231        <service
231-->[com.google.android.gms:play-services-auth:21.0.0] AndroidManifest.xml:33:9-37:51
232            android:name="com.google.android.gms.auth.api.signin.RevocationBoundService"
232-->[com.google.android.gms:play-services-auth:21.0.0] AndroidManifest.xml:34:13-89
233            android:exported="true"
233-->[com.google.android.gms:play-services-auth:21.0.0] AndroidManifest.xml:35:13-36
234            android:permission="com.google.android.gms.auth.api.signin.permission.REVOCATION_NOTIFICATION"
234-->[com.google.android.gms:play-services-auth:21.0.0] AndroidManifest.xml:36:13-107
235            android:visibleToInstantApps="true" />
235-->[com.google.android.gms:play-services-auth:21.0.0] AndroidManifest.xml:37:13-48
236
237        <provider
237-->[com.google.firebase:firebase-common:22.0.1] AndroidManifest.xml:23:9-28:39
238            android:name="com.google.firebase.provider.FirebaseInitProvider"
238-->[com.google.firebase:firebase-common:22.0.1] AndroidManifest.xml:24:13-77
239            android:authorities="com.example.clario.firebaseinitprovider"
239-->[com.google.firebase:firebase-common:22.0.1] AndroidManifest.xml:25:13-72
240            android:directBootAware="true"
240-->[com.google.firebase:firebase-common:22.0.1] AndroidManifest.xml:26:13-43
241            android:exported="false"
241-->[com.google.firebase:firebase-common:22.0.1] AndroidManifest.xml:27:13-37
242            android:initOrder="100" />
242-->[com.google.firebase:firebase-common:22.0.1] AndroidManifest.xml:28:13-36
243
244        <receiver
244-->[com.google.android.gms:play-services-measurement:23.0.0] AndroidManifest.xml:29:9-33:20
245            android:name="com.google.android.gms.measurement.AppMeasurementReceiver"
245-->[com.google.android.gms:play-services-measurement:23.0.0] AndroidManifest.xml:30:13-85
246            android:enabled="true"
246-->[com.google.android.gms:play-services-measurement:23.0.0] AndroidManifest.xml:31:13-35
247            android:exported="false" >
247-->[com.google.android.gms:play-services-measurement:23.0.0] AndroidManifest.xml:32:13-37
248        </receiver>
249
250        <service
250-->[com.google.android.gms:play-services-measurement:23.0.0] AndroidManifest.xml:35:9-38:40
251            android:name="com.google.android.gms.measurement.AppMeasurementService"
251-->[com.google.android.gms:play-services-measurement:23.0.0] AndroidManifest.xml:36:13-84
252            android:enabled="true"
252-->[com.google.android.gms:play-services-measurement:23.0.0] AndroidManifest.xml:37:13-35
253            android:exported="false" />
253-->[com.google.android.gms:play-services-measurement:23.0.0] AndroidManifest.xml:38:13-37
254        <service
254-->[com.google.android.gms:play-services-measurement:23.0.0] AndroidManifest.xml:39:9-43:72
255            android:name="com.google.android.gms.measurement.AppMeasurementJobService"
255-->[com.google.android.gms:play-services-measurement:23.0.0] AndroidManifest.xml:40:13-87
256            android:enabled="true"
256-->[com.google.android.gms:play-services-measurement:23.0.0] AndroidManifest.xml:41:13-35
257            android:exported="false"
257-->[com.google.android.gms:play-services-measurement:23.0.0] AndroidManifest.xml:42:13-37
258            android:permission="android.permission.BIND_JOB_SERVICE" />
258-->[com.google.android.gms:play-services-measurement:23.0.0] AndroidManifest.xml:43:13-69
259
260        <provider
260-->[androidx.work:work-runtime:2.10.2] AndroidManifest.xml:29:9-37:20
261            android:name="androidx.startup.InitializationProvider"
261-->[androidx.work:work-runtime:2.10.2] AndroidManifest.xml:30:13-67
262            android:authorities="com.example.clario.androidx-startup"
262-->[androidx.work:work-runtime:2.10.2] AndroidManifest.xml:31:13-68
263            android:exported="false" >
263-->[androidx.work:work-runtime:2.10.2] AndroidManifest.xml:32:13-37
264            <meta-data
264-->[androidx.work:work-runtime:2.10.2] AndroidManifest.xml:34:13-36:52
265                android:name="androidx.work.WorkManagerInitializer"
265-->[androidx.work:work-runtime:2.10.2] AndroidManifest.xml:35:17-68
266                android:value="androidx.startup" />
266-->[androidx.work:work-runtime:2.10.2] AndroidManifest.xml:36:17-49
267            <meta-data
267-->[androidx.lifecycle:lifecycle-process:2.7.0] AndroidManifest.xml:29:13-31:52
268                android:name="androidx.lifecycle.ProcessLifecycleInitializer"
268-->[androidx.lifecycle:lifecycle-process:2.7.0] AndroidManifest.xml:30:17-78
269                android:value="androidx.startup" />